<?xml version="1.0" encoding="UTF-8"?>
<testsuite name="automaton.GameOfLifeRulesTests" tests="2" skipped="0" failures="0" errors="0" timestamp="2017-10-05T17:01:17" hostname="arek-dell" time="0.0">
  <properties/>
  <testcase name="simpleTest" classname="automaton.GameOfLifeRulesTests" time="0.0"/>
  <testcase name="emptyRuleTest" classname="automaton.GameOfLifeRulesTests" time="0.0"/>
  <system-out><![CDATA[]]></system-out>
  <system-err><![CDATA[]]></system-err>
</testsuite>
