<?xml version="1.0" encoding="UTF-8"?>
<testsuite name="automaton.GameOfLifeTests" tests="4" skipped="0" failures="0" errors="0" timestamp="2017-10-05T17:01:18" hostname="arek-dell" time="0.031">
  <properties/>
  <testcase name="gliderTest" classname="automaton.GameOfLifeTests" time="0.031"/>
  <testcase name="equalsTest" classname="automaton.GameOfLifeTests" time="0.0"/>
  <testcase name="blinkerTest" classname="automaton.GameOfLifeTests" time="0.0"/>
  <testcase name="rules33oscillatorTest" classname="automaton.GameOfLifeTests" time="0.0"/>
  <system-out><![CDATA[]]></system-out>
  <system-err><![CDATA[]]></system-err>
</testsuite>
