<?xml version="1.0" encoding="UTF-8"?>
<testsuite name="automaton.MoorNeighbourhoodTests" tests="11" skipped="0" failures="0" errors="0" timestamp="2017-10-05T17:01:18" hostname="arek-dell" time="0.016">
  <properties/>
  <testcase name="rcornerCellTest_noWrapping" classname="automaton.MoorNeighbourhoodTests" time="0.0"/>
  <testcase name="cornerCellTest_noWrappingRad2" classname="automaton.MoorNeighbourhoodTests" time="0.0"/>
  <testcase name="cornerCellTest_wrappingRad2" classname="automaton.MoorNeighbourhoodTests" time="0.0"/>
  <testcase name="rborderCellTest_wrapping" classname="automaton.MoorNeighbourhoodTests" time="0.016"/>
  <testcase name="lcornerCellTest_noWrapping" classname="automaton.MoorNeighbourhoodTests" time="0.0"/>
  <testcase name="lborderCellTest_noWrapping" classname="automaton.MoorNeighbourhoodTests" time="0.0"/>
  <testcase name="simpleCellTest_noWrappingRad2" classname="automaton.MoorNeighbourhoodTests" time="0.0"/>
  <testcase name="rborderCellTest_noWrapping" classname="automaton.MoorNeighbourhoodTests" time="0.0"/>
  <testcase name="simpleNeighborsTest" classname="automaton.MoorNeighbourhoodTests" time="0.0"/>
  <testcase name="uborderCellTest_wrapping" classname="automaton.MoorNeighbourhoodTests" time="0.0"/>
  <testcase name="lborderCellTest_wrapping" classname="automaton.MoorNeighbourhoodTests" time="0.0"/>
  <system-out><![CDATA[]]></system-out>
  <system-err><![CDATA[]]></system-err>
</testsuite>
